"../../../Engine/Content/Animation/DefaultAnimBoneCompressionSettings.uasset" 0
"../../../Engine/Content/Animation/DefaultAnimCurveCompressionSettings.uasset" 1
"../../../Engine/Content/EngineMaterials/T_Default_Material_Grid_N.uasset" 2
"../../../Engine/Content/EngineMaterials/T_Default_Material_Grid_M.uasset" 3
"../../../Engine/Content/Functions/Engine_MaterialFunctions01/Opacity/CameraDepthFade.uasset" 4
"../../../Engine/Content/EngineMaterials/WorldGridMaterial.uasset" 5
"../../../Engine/Content/ArtTools/RenderToTexture/Meshes/S_1_Unit_Plane.uasset" 6
"../../../Engine/Content/EngineMaterials/DefaultMaterial.uasset" 7
"../../../Engine/Content/BasicShapes/Cone.uasset" 8
"../../../Engine/Content/BasicShapes/Plane.uasset" 9
"../../../Engine/Content/BasicShapes/Sphere.uasset" 10
"../../../Engine/Content/EditorLandscapeResources/DataLayer.uasset" 11
"../../../Engine/Content/EditorLandscapeResources/DefaultAlphaTexture.uasset" 12
"../../../Engine/Content/EditorMaterials/MAT_Groups_Toggle.uasset" 13
"../../../Engine/Content/EditorMaterials/MAT_Groups_Visibility.uasset" 14
"../../../Engine/Content/EditorMaterials/PreviewShadowIndicator.uasset" 15
"../../../Engine/Content/EditorMaterials/PreviewShadowIndicatorMaterial.uasset" 16
"../../../Engine/Content/EditorMaterials/MatineeGroups/MAT_ColorTrack.uasset" 17
"../../../Engine/Content/EditorMaterials/MatineeGroups/MAT_Groups_Anim.uasset" 18
"../../../Engine/Content/EditorMaterials/MatineeGroups/MAT_Groups_AudioMaster.uasset" 19
"../../../Engine/Content/EditorMaterials/MatineeGroups/MAT_Groups_Director.uasset" 20
"../../../Engine/Content/EditorMaterials/MatineeGroups/MAT_Groups_Event.uasset" 21
"../../../Engine/Content/EditorMaterials/MatineeGroups/MAT_Groups_Fade.uasset" 22
"../../../Engine/Content/EditorMaterials/MatineeGroups/MAT_Groups_Float.uasset" 23
"../../../Engine/Content/EditorMaterials/MatineeGroups/MAT_Groups_Move.uasset" 24
"../../../Engine/Content/EditorMaterials/MatineeGroups/MAT_Groups_Slomo.uasset" 25
"../../../Engine/Content/EditorMaterials/MatineeGroups/MAT_Groups_Sound.uasset" 26
"../../../Engine/Content/EditorMaterials/MatineeGroups/MAT_Groups_Vector.uasset" 27
"../../../Engine/Content/EditorMaterials/ParticleSystems/PSysThumbnail_NoImage.uasset" 28
"../../../Engine/Content/EditorMaterials/ParticleSystems/PSysThumbnail_OOD.uasset" 29
"../../../Engine/Content/EditorMaterials/Camera/CineMat.uasset" 30
"../../../Engine/Content/EditorMaterials/Camera/MI_CineMat_Rig.uasset" 31
"../../../Engine/Content/EditorMeshes/Camera/SM_CraneRig_Arm.uasset" 32
"../../../Engine/Content/EditorMeshes/Camera/SM_CraneRig_Base.uasset" 33
"../../../Engine/Content/EditorMeshes/Camera/SM_CraneRig_Body.uasset" 34
"../../../Engine/Content/EditorMeshes/Camera/SM_CraneRig_Mount.uasset" 35
"../../../Engine/Content/EditorMeshes/Camera/SM_RailRig_Mount.uasset" 36
"../../../Engine/Content/EditorMeshes/Camera/SM_RailRig_Track.uasset" 37
"../../../Engine/Content/EditorResources/BSPVertex.uasset" 38
"../../../Engine/Content/EditorResources/EmptyActor.uasset" 39
"../../../Engine/Content/EditorResources/S_Actor.uasset" 40
"../../../Engine/Content/EditorResources/S_Note.uasset" 41
"../../../Engine/Content/EditorResources/S_Solver.uasset" 42
"../../../Engine/Content/EditorResources/S_Terrain.uasset" 43
"../../../Engine/Content/EditorResources/S_Trigger.uasset" 44
"../../../Engine/Content/EditorResources/SequenceRecorder/Countdown.uasset" 45
"../../../Engine/Content/EditorResources/SequenceRecorder/RecordingIndicator.uasset" 46
"../../../Engine/Content/EngineDamageTypes/DmgTypeBP_Environmental.uasset" 47
"../../../Engine/Content/EngineDebugMaterials/DebugEditorMaterial.uasset" 48
"../../../Engine/Content/EngineDebugMaterials/DebugMeshMaterial.uasset" 49
"../../../Engine/Content/EngineDebugMaterials/M_SimpleUnlitTranslucent.uasset" 50
"../../../Engine/Content/EngineDebugMaterials/VolumeToRender.uasset" 51
"../../../Engine/Content/Functions/Engine_MaterialFunctions02/Utility/CameraDirectionVector.uasset" 52
"../../../Engine/Content/EngineDebugMaterials/M_VolumeRenderSphereTracePP.uasset" 53
"../../../Engine/Content/Functions/Engine_MaterialFunctions01/Shading/ConvertFromDiffSpec.uasset" 54
"../../../Engine/Content/EngineDebugMaterials/VertexColorMaterial.uasset" 55
"../../../Engine/Content/EngineDebugMaterials/WireframeMaterial.uasset" 56
"../../../Engine/Content/EngineFonts/Faces/RobotoRegular.uasset" 57
"../../../Engine/Content/EngineFonts/Faces/RobotoLight.uasset" 58
"../../../Engine/Content/EngineFonts/Faces/RobotoItalic.uasset" 59
"../../../Engine/Content/EngineFonts/Faces/RobotoBoldItalic.uasset" 60
"../../../Engine/Content/EngineFonts/Faces/RobotoBold.uasset" 61
"../../../Engine/Content/EngineFonts/Faces/DroidSansFallback.uasset" 62
"../../../Engine/Content/EngineFonts/Roboto.uasset" 63
"../../../Engine/Content/EngineMaterials/BaseFlattenNormalMap.uasset" 64
"../../../Engine/Content/EngineMaterials/BaseFlattenGrayscaleMap.uasset" 65
"../../../Engine/Content/EngineMaterials/BaseFlattenEmissiveMap.uasset" 66
"../../../Engine/Content/EngineMaterials/BaseFlattenDiffuseMap.uasset" 67
"../../../Engine/Content/EngineMaterials/BaseFlattenMaterial.uasset" 68
"../../../Engine/Content/EngineMaterials/BlueNoise.uasset" 69
"../../../Engine/Content/EngineMaterials/DefaultBloomKernel.uasset" 70
"../../../Engine/Content/EngineMaterials/DefaultBokeh.uasset" 71
"../../../Engine/Content/EngineMaterials/DefaultDiffuse.uasset" 72
"../../../Engine/Content/EngineMaterials/DefaultDeferredDecalMaterial.uasset" 73
"../../../Engine/Content/EngineMaterials/DefaultLightFunctionMaterial.uasset" 74
"../../../Engine/Content/EngineMaterials/DefaultPhysicalMaterial.uasset" 75
"../../../Engine/Content/Functions/Engine_MaterialFunctions02/Utility/BreakOutFloat2Components.uasset" 76
"../../../Engine/Content/EngineMaterials/DefaultPostProcessMaterial.uasset" 77
"../../../Engine/Content/EngineFonts/RobotoDistanceField.uasset" 78
"../../../Engine/Content/EngineMaterials/DefaultTextMaterialOpaque.uasset" 79
"../../../Engine/Content/EngineMaterials/DefaultWhiteGrid.uasset" 80
"../../../Engine/Content/EngineMaterials/DefaultWhiteGrid_Low.uasset" 81
"../../../Engine/Content/EngineMaterials/EmissiveMeshMaterial.uasset" 82
"../../../Engine/Content/EngineMaterials/GizmoMaterial.uasset" 83
"../../../Engine/Content/EngineMaterials/Good64x64TilingNoiseHighFreq.uasset" 84
"../../../Engine/Content/EngineMaterials/MiniFont.uasset" 85
"../../../Engine/Content/EngineMaterials/InvalidLightmapSettings.uasset" 86
"../../../Engine/Content/EngineMaterials/M_InvalidLightmapSettings.uasset" 87
"../../../Engine/Content/Functions/Engine_MaterialFunctions02/WorldPositionOffset/CameraOffset.uasset" 88
"../../../Engine/Content/EngineMaterials/PhAT_JointLimitMaterial.uasset" 89
"../../../Engine/Content/EngineMaterials/PreintegratedSkinBRDF.uasset" 90
"../../../Engine/Content/EngineMaterials/RemoveSurfaceMaterial.uasset" 91
"../../../Engine/Content/EngineMaterials/WeightMapPlaceholderTexture.uasset" 92
"../../../Engine/Content/EngineResources/WhiteSquareTexture.uasset" 93
"../../../Engine/Content/EngineMaterials/Widget3DPassThrough.uasset" 94
"../../../Engine/Content/EngineMaterials/Widget3DPassThrough_Masked.uasset" 95
"../../../Engine/Content/EngineMaterials/Widget3DPassThrough_Opaque.uasset" 96
"../../../Engine/Content/EngineMaterials/Widget3DPassThrough_Masked_OneSided.uasset" 97
"../../../Engine/Content/EngineMaterials/Widget3DPassThrough_Opaque_OneSided.uasset" 98
"../../../Engine/Content/EngineMaterials/Widget3DPassThrough_Translucent.uasset" 99
"../../../Engine/Content/EngineMaterials/Widget3DPassThrough_Translucent_OneSided.uasset" 100
"../../../Engine/Content/EngineMeshes/Cylinder.uasset" 101
"../../../Engine/Content/EngineMeshes/Sphere.uasset" 102
"../../../Engine/Content/EngineResources/Black.uasset" 103
"../../../Engine/Content/EngineResources/DefaultTextureCube.uasset" 104
"../../../Engine/Content/EngineResources/DefaultVolumeTexture2D.uasset" 105
"../../../Engine/Content/EngineResources/DefaultVolumeTexture.uasset" 106
"../../../Engine/Content/EngineResources/GradientTexture0.uasset" 107
"../../../Engine/Content/EngineSky/VolumetricClouds/T_NoiseShape64.uasset" 108
"../../../Engine/Content/EngineSky/VolumetricClouds/T_VolumeNoiseShape64.uasset" 109
"../../../Engine/Content/EngineSky/VolumetricClouds/T_NoiseErosion.uasset" 110
"../../../Engine/Content/EngineSky/VolumetricClouds/T_VolumeNoiseErosion32.uasset" 111
"../../../Engine/Content/EngineSky/VolumetricClouds/CloudWeatherTexture.uasset" 112
"../../../Engine/Content/EngineSky/VolumetricClouds/CloudGradientTexture.uasset" 113
"../../../Engine/Content/Functions/Engine_MaterialFunctions02/Utility/MakeFloat2.uasset" 114
"../../../Engine/Content/EngineSky/VolumetricClouds/m_SimpleVolumetricCloud.uasset" 115
"../../../Engine/Content/EngineSky/VolumetricClouds/m_SimpleVolumetricCloud_Inst.uasset" 116
"../../../Engine/Content/EngineSounds/Master.uasset" 117
"../../../Engine/Content/Functions/Engine_MaterialFunctions01/Shading/PowerToRoughness.uasset" 118
"../../../Engine/Content/Maps/Templates/Thumbnails/Default.uasset" 119
"../../../Engine/Content/Maps/Templates/Thumbnails/TimeOfDay.uasset" 120
"../../../Engine/Content/Maps/Templates/Thumbnails/VR-Basic.uasset" 121
"../../../Engine/Content/MobileResources/T_MobileControls_texture.uasset" 122
"../../../Engine/Content/MobileResources/T_MobileMenu2.uasset" 123
"../../../Engine/Content/MobileResources/HUD/AnalogHat.uasset" 124
"../../../Engine/Content/MobileResources/HUD/VirtualJoystick_Thumb.uasset" 125
"../../../Engine/Content/MobileResources/HUD/VirtualJoystick_Background.uasset" 126
"../../../Engine/Content/MobileResources/HUD/DefaultVirtualJoysticks.uasset" 127
"../../../Engine/Content/MobileResources/HUD/LeftVirtualJoystickOnly.uasset" 128
"../../../Engine/Content/MobileResources/HUD/MobileHUDButton1_off.uasset" 129
"../../../Engine/Content/MobileResources/HUD/MobileHUDButton1_on.uasset" 130
"../../../Engine/Content/MobileResources/HUD/MobileHUDButton2_off.uasset" 131
"../../../Engine/Content/MobileResources/HUD/MobileHUDButton2_on.uasset" 132
"../../../Engine/Content/MobileResources/HUD/MobileHUDButton3.uasset" 133
"../../../Engine/Content/MobileResources/HUD/MobileHUDButtonFire.uasset" 134
"../../../Engine/Content/MobileResources/HUD/MobileHUDDirectionPad.uasset" 135
"../../../Engine/Content/MobileResources/HUD/MobileHUDDirectionPad2.uasset" 136
"../../../Engine/Content/MobileResources/HUD/MobileHUDDirectionPad3.uasset" 137
"../../../Engine/Content/MobileResources/HUD/MobileHUDDirectionStick.uasset" 138
"../../../Engine/Content/MobileResources/HUD/T_Castle_ThumbstickInner.uasset" 139
"../../../Engine/Content/MobileResources/HUD/T_Castle_ThumbstickOutter.uasset" 140
"../../../Engine/Content/Tutorial/ContentIntroCurve.uasset" 141
"../../../Engine/Content/Tutorial/Basics/LevelEditorAttract.uasset" 142
"../../../Engine/Content/Tutorial/Basics/TutorialAssets/icon_tab_Levels_40x.uasset" 143
"../../../Engine/Content/Tutorial/Basics/LevelEditorOverview.uasset" 144
"../../../Engine/Content/Tutorial/BlueprintTutorials/TutorialAssets/Blueprint_64x.uasset" 145
"../../../Engine/Content/Tutorial/BlueprintTutorials/BlueprintEditorTutorial.uasset" 146
"../../../Engine/Content/Tutorial/Installation/InstallingVisualStudioTutorial.uasset" 147
"../../../Engine/Content/VREditor/TransformGizmo/TranslucentTransformGizmoMaterial.uasset" 148
"../../../Engine/Content/VREditor/LaserPointer/VR_LaserPower_01.uasset" 149
"../../../Engine/Content/VREditor/TransformGizmo/TransformGizmoMaterial.uasset" 150
"../../../Engine/Content/VREditor/TransformGizmo/BoundingBoxCorner.uasset" 151
"../../../Engine/Content/VREditor/TransformGizmo/BoundingBoxEdge.uasset" 152
"../../../Engine/Content/VREditor/TransformGizmo/PlaneTranslationHandle.uasset" 153
"../../../Engine/Content/VREditor/TransformGizmo/Xray.uasset" 154
"../../../Engine/Content/VREditor/TransformGizmo/Main.uasset" 155
"../../../Engine/Content/VREditor/TransformGizmo/SM_Sequencer_Key.uasset" 156
"../../../Engine/Content/VREditor/TransformGizmo/SM_Sequencer_Node.uasset" 157
"../../Plugins/2D/Paper2D/Content/PlaceholderTextures/DummySpriteTexture.uasset" 158
"../../Plugins/2D/Paper2D/Content/DummySprite.uasset" 159
"../../Plugins/2D/Paper2D/Content/DefaultPaperTerrainMaterial.uasset" 160
"../../Plugins/2D/Paper2D/Content/DefaultSpriteMaterial.uasset" 161
"../../Plugins/2D/Paper2D/Content/MaskedUnlitSpriteMaterial.uasset" 162
"../../Plugins/2D/Paper2D/Content/OpaqueUnlitSpriteMaterial.uasset" 163
"../../../Engine/Content/Functions/Engine_MaterialFunctions02/Utility/BreakOutFloat3Components.uasset" 164
"../../Plugins/Editor/SpeedTreeImporter/Content/SpeedTree9/UnpackInteger3.uasset" 165
"../../Plugins/Editor/SpeedTreeImporter/Content/SpeedTree9/UnpackDirection.uasset" 166
"../../Plugins/Editor/SpeedTreeImporter/Content/SpeedTree9/game_wind_noise.uasset" 167
"../../../Engine/Content/Functions/Engine_MaterialFunctions02/SafeNormalize.uasset" 168
"../../Plugins/Editor/SpeedTreeImporter/Content/SpeedTree9/SpeedTreeWindMotion.uasset" 169
"../../Plugins/Editor/SpeedTreeImporter/Content/SpeedTree9/SpeedTreeBranchMotion.uasset" 170
"../../../Engine/Content/Functions/Engine_MaterialFunctions02/ObjectLocalBounds.uasset" 171
"../../../Engine/Content/Functions/Engine_MaterialFunctions02/UVs/BoundingBoxBased_0-1_UVW.uasset" 172
"../../Plugins/Editor/SpeedTreeImporter/Content/SpeedTree9/SpeedTreeWind.uasset" 173
"../../Plugins/Editor/SpeedTreeImporter/Content/SpeedTree9/SpeedTreeBillboard.uasset" 174
"../../../Engine/Content/EngineResources/DefaultTexture.uasset" 175
"../../Plugins/Editor/SpeedTreeImporter/Content/SpeedTree9/SpeedTreeBillboardMaster.uasset" 176
"../../Plugins/Editor/SpeedTreeImporter/Content/SpeedTree9/SpeedTreeCameraFacing.uasset" 177
"../../Plugins/Editor/SpeedTreeImporter/Content/SpeedTree9/SpeedTreeMaster.uasset" 178
"../../../Engine/Content/BasicShapes/Cylinder.uasset" 179
"../../../Engine/Content/ArtTools/RenderToTexture/Materials/Debug/M_Emissive_Color.uasset" 180
"../../Plugins/Lumin/MagicLeapPassableWorld/Content/MagicLeapARPinInfoActor.uasset" 181
"../../../Engine/Content/Functions/Engine_MaterialFunctions02/Utility/BreakOutFloat4Components.uasset" 182
"../../../Engine/Content/Functions/Engine_MaterialFunctions02/Utility/MakeFloat3.uasset" 183
"../../Plugins/Runtime/Oculus/OculusVR/Content/Materials/OculusMR_ChromaKey.uasset" 184
"../../Plugins/Runtime/Oculus/OculusVR/Content/Materials/OculusMR_OpaqueColoredMaterial.uasset" 185
"../../Plugins/Runtime/Oculus/OculusVR/Content/Materials/PokeAHoleMaterial.uasset" 186
"../../../../../../Users/bfaks/Documents/Unreal Projects/ChameMan/Content/_core/MainMenu/putin_main_menu.uasset" 187
"../../../../../../Users/bfaks/Documents/Unreal Projects/ChameMan/Content/_core/MainMenu/Credits_Widget.uasset" 188
"../../../../../../Users/bfaks/Documents/Unreal Projects/ChameMan/Content/_core/MainMenu/Main_Menu_Widget.uasset" 189
"../../../../../../Users/bfaks/Documents/Unreal Projects/ChameMan/Content/_core/MainMenu/PC_MainMenu.uasset" 190
"../../../../../../Users/bfaks/Documents/Unreal Projects/ChameMan/Content/_core/MainMenu/MainMenuGameMode.uasset" 191
"../../../../../../Users/bfaks/Documents/Unreal Projects/ChameMan/Content/_core/MainMenu/Main_Menu_Level.umap" 192
"../../../../../../Users/bfaks/Documents/Unreal Projects/ChameMan/Content/_core/Maps/3DModelMap.umap" 193
"../../../Engine/Content/MapTemplates/SM_Template_Map_Floor.uasset" 194
"../../../../../../Users/bfaks/Documents/Unreal Projects/ChameMan/Content/_core/Maps/DevelopmentMap_BuiltData.uasset" 195
"../../../Engine/Content/EngineMaterials/NewBaseFlattenMaterial.uasset" 196
"../../../../../../Users/bfaks/Documents/Unreal Projects/ChameMan/Content/_core/Patroller/BTTask_ReturnPatrol.uasset" 197
"../../../../../../Users/bfaks/Documents/Unreal Projects/ChameMan/Content/_core/Patroller/BTTask_KillPlayer.uasset" 198
"../../../../../../Users/bfaks/Documents/Unreal Projects/ChameMan/Content/_core/PauseMenu/WBP_Pause.uasset" 199
"../../../Engine/Content/Functions/Engine_MaterialFunctions01/Density/ExponentialDensity.uasset" 200
"../../../Engine/Content/Functions/Engine_MaterialFunctions01/Gradient/RadialGradientExponential.uasset" 201
"../../../../../../Users/bfaks/Documents/Unreal Projects/ChameMan/Content/_core/M_Cursor_Decal.uasset" 202
"../../../../../../Users/bfaks/Documents/Unreal Projects/ChameMan/Content/Mannequin/Character/Mesh/SK_Mannequin_PhysicsAsset.uasset" 203
"../../../../../../Users/bfaks/Documents/Unreal Projects/ChameMan/Content/Mannequin/Character/Textures/T_UE4Logo_N.uasset" 204
"../../../../../../Users/bfaks/Documents/Unreal Projects/ChameMan/Content/Mannequin/Character/Textures/T_UE4Logo_Mask.uasset" 205
"../../../../../../Users/bfaks/Documents/Unreal Projects/ChameMan/Content/Mannequin/Character/Textures/T_Male_N.uasset" 206
"../../../../../../Users/bfaks/Documents/Unreal Projects/ChameMan/Content/Mannequin/Character/Textures/T_Male_Mask.uasset" 207
"../../../../../../Users/bfaks/Documents/Unreal Projects/ChameMan/Content/Mannequin/Character/Materials/MaterialLayers/T_ML_Rubber_Blue_01_N.uasset" 208
"../../../../../../Users/bfaks/Documents/Unreal Projects/ChameMan/Content/Mannequin/Character/Materials/MaterialLayers/T_ML_Rubber_Blue_01_D.uasset" 209
"../../../../../../Users/bfaks/Documents/Unreal Projects/ChameMan/Content/Mannequin/Character/Materials/MaterialLayers/T_ML_Aluminum01_N.uasset" 210
"../../../../../../Users/bfaks/Documents/Unreal Projects/ChameMan/Content/Mannequin/Character/Materials/MaterialLayers/T_ML_Aluminum01.uasset" 211
"../../../../../../Users/bfaks/Documents/Unreal Projects/ChameMan/Content/Mannequin/Character/Materials/MaterialLayers/ML_SoftMetal_UE4.uasset" 212
"../../../../../../Users/bfaks/Documents/Unreal Projects/ChameMan/Content/Mannequin/Character/Materials/MaterialLayers/ML_Plastic_Shiny_Beige_LOGO.uasset" 213
"../../../../../../Users/bfaks/Documents/Unreal Projects/ChameMan/Content/Mannequin/Character/Materials/MaterialLayers/ML_Plastic_Shiny_Beige.uasset" 214
"../../../../../../Users/bfaks/Documents/Unreal Projects/ChameMan/Content/Mannequin/Character/Materials/MaterialLayers/ML_GlossyBlack_Latex_UE4.uasset" 215
"../../../Engine/Content/Functions/MaterialLayerFunctions/MatLayerBlend_Simple.uasset" 216
"../../../Engine/Content/Functions/Engine_MaterialFunctions02/Utility/BlendAngleCorrectedNormals.uasset" 217
"../../../Engine/Content/Functions/MaterialLayerFunctions/MatLayerBlend_NormalBlend.uasset" 218
"../../../../../../Users/bfaks/Documents/Unreal Projects/ChameMan/Content/Mannequin/Character/Materials/M_Male_Body.uasset" 219
"../../../../../../Users/bfaks/Documents/Unreal Projects/ChameMan/Content/Mannequin/Character/Materials/M_UE4Man_ChestLogo.uasset" 220
"../../../../../../Users/bfaks/Documents/Unreal Projects/ChameMan/Content/Mannequin/Character/Mesh/UE4_Mannequin_Skeleton.uasset" 221
"../../../../../../Users/bfaks/Documents/Unreal Projects/ChameMan/Content/Mannequin/Character/Mesh/SK_Mannequin.uasset" 222
"../../../Engine/Content/EditorBlueprintResources/StandardMacros.uasset" 223
"../../../../../../Users/bfaks/Documents/Unreal Projects/ChameMan/Content/Mannequin/Animations/ThirdPersonWalk.uasset" 224
"../../../../../../Users/bfaks/Documents/Unreal Projects/ChameMan/Content/Mannequin/Animations/ThirdPersonRun.uasset" 225
"../../../../../../Users/bfaks/Documents/Unreal Projects/ChameMan/Content/Mannequin/Animations/ThirdPersonIdle.uasset" 226
"../../../../../../Users/bfaks/Documents/Unreal Projects/ChameMan/Content/Mannequin/Animations/ThirdPerson_IdleRun_2D.uasset" 227
"../../../../../../Users/bfaks/Documents/Unreal Projects/ChameMan/Content/Mannequin/Animations/ThirdPerson_Jump.uasset" 228
"../../../../../../Users/bfaks/Documents/Unreal Projects/ChameMan/Content/Mannequin/Animations/ThirdPersonJump_Start.uasset" 229
"../../../../../../Users/bfaks/Documents/Unreal Projects/ChameMan/Content/Mannequin/Animations/ThirdPersonJump_Loop.uasset" 230
"../../../../../../Users/bfaks/Documents/Unreal Projects/ChameMan/Content/Mannequin/Animations/ThirdPerson_AnimBP.uasset" 231
"../../../../../../Users/bfaks/Documents/Unreal Projects/ChameMan/Content/_core/TopDownCharacter.uasset" 232
"../../../../../../Users/bfaks/Documents/Unreal Projects/ChameMan/Content/_core/Patroller/BTS_LineOfSightCheck.uasset" 233
"../../../../../../Users/bfaks/Documents/Unreal Projects/ChameMan/Content/_core/Patroller/BB_Patroller.uasset" 234
"../../../../../../Users/bfaks/Documents/Unreal Projects/ChameMan/Content/_core/Patroller/BT_Patroller.uasset" 235
"../../../../../../Users/bfaks/Documents/Unreal Projects/ChameMan/Content/_core/Patroller/AIC_Patroller.uasset" 236
"../../../../../../Users/bfaks/Documents/Unreal Projects/ChameMan/Content/_core/Patroller/ABP_Patroller.uasset" 237
"../../../../../../Users/bfaks/Documents/Unreal Projects/ChameMan/Content/Mannequin/Character/Mesh/SK_Mannequin_Female_PhysicsAsset.uasset" 238
"../../../../../../Users/bfaks/Documents/Unreal Projects/ChameMan/Content/Mannequin/Character/Textures/T_Female_N.uasset" 239
"../../../../../../Users/bfaks/Documents/Unreal Projects/ChameMan/Content/Mannequin/Character/Textures/T_Female_Mask.uasset" 240
"../../../../../../Users/bfaks/Documents/Unreal Projects/ChameMan/Content/Mannequin/Character/Materials/MI_Female_Body.uasset" 241
"../../../../../../Users/bfaks/Documents/Unreal Projects/ChameMan/Content/Mannequin/Character/Mesh/SK_Mannequin_Female.uasset" 242
"../../../../../../Users/bfaks/Documents/Unreal Projects/ChameMan/Content/_core/Patroller/BP_Patroller.uasset" 243
"../../../../../../Users/bfaks/Documents/Unreal Projects/ChameMan/Content/_core/InteractableObject/YellowMaterial.uasset" 244
"../../../Engine/Content/BasicShapes/Cube.uasset" 245
"../../../../../../Users/bfaks/Documents/Unreal Projects/ChameMan/Content/_core/InteractableObject/InteractableObject.uasset" 246
"../../../../../../Users/bfaks/Documents/Unreal Projects/ChameMan/Content/_core/InteractableObject/GreenMat.uasset" 247
"../../../../../../Users/bfaks/Documents/Unreal Projects/ChameMan/Content/_core/InteractableObject/BlueMaterial.uasset" 248
"../../../../../../Users/bfaks/Documents/Unreal Projects/ChameMan/Content/_core/Checkpoint/Checkpoint.uasset" 249
"../../../../../../Users/bfaks/Documents/Unreal Projects/ChameMan/Content/_core/TopDownGameInstance.uasset" 250
"../../../../../../Users/bfaks/Documents/Unreal Projects/ChameMan/Content/_core/TopDownController.uasset" 251
"../../../../../../Users/bfaks/Documents/Unreal Projects/ChameMan/Content/_core/TopDownGameMode.uasset" 252
"../../../../../../Users/bfaks/Documents/Unreal Projects/ChameMan/Content/Models/UE_export/Geometries/SM_COLUMN.uasset" 253
"../../../../../../Users/bfaks/Documents/Unreal Projects/ChameMan/Content/Models/UE_export/Geometries/OBJ_FURNITURE.uasset" 254
"../../../../../../Users/bfaks/Documents/Unreal Projects/ChameMan/Content/Models/UE_export/Geometries/SM_WA_INT.uasset" 255
"../../../../../../Users/bfaks/Documents/Unreal Projects/ChameMan/Content/Models/UE_export/Geometries/SM_WALL-EXT-COURYARD-BRICKMT.uasset" 256
"../../../../../../Users/bfaks/Documents/Unreal Projects/ChameMan/Content/Models/UE_export/Geometries/SM_WALL-EXTERIOR-CONCmt.uasset" 257
"../../../../../../Users/bfaks/Documents/Unreal Projects/ChameMan/Content/Models/UE_export/Geometries/SM_FLOOR.uasset" 258
"../../../../../../Users/bfaks/Documents/Unreal Projects/ChameMan/Content/Models/UE_export/UE_export.uasset" 259
"../../../../../../Users/bfaks/Documents/Unreal Projects/ChameMan/Content/_core/Maps/DevelopmentMap.umap" 260
"../../../Engine/Content/Maps/Entry_BuiltData.uasset" 261
"../../../Engine/Content/Maps/Entry.umap" 262
